Cras 711
Cum 82
Curabitur 767
Donec 1163
Duis 544
Maecenas 451
Mauris 601
Morbi 530
Nullam 643
Phasellus 646
Quisque 458
Ut 513
a 1876
ad 134
aliquet 1010
at 1913
congue 813
conubia 134
cubilia 84
cursus 617
dictumst 65
efficitur 704
eget 1667
enim 1009
eros 1044
et 2668
ex 864
feugiat 482
hendrerit 694
himenaeos 134
id 1593
inceptos 134
justo 778
lacinia 534
libero 913
malesuada 1059
massa 810
mauris 1088
morbi 183
mus 82
nascetur 82
natoque 82
nibh 1115
orci 1027
pulvinar 496
scelerisque 665
sem 1061
tellus 1157
ut 1788
vehicula 805
venenatis 780
vitae 1923
