 37261
Aenean 579
Aliquam 681
Class 134
Cras 711
Cum 82
Curabitur 767
Curae; 84
Donec 1163
Duis 544
Etiam 600
Fusce 542
In 746
Integer 601
Interdum 116
Lorem 152
Maecenas 451
Mauris 601
Morbi 530
Nam 597
Nulla 828
Nullam 643
Nunc 662
Pellentesque 896
Phasellus 646
Praesent 663
Proin 645
Quisque 458
Sed 1486
Suspendisse 746
Ut 513
Vestibulum 817
Vivamus 648
a 1876
ac 1921
accumsan 791
ad 134
adipiscing 152
aliquam 661
aliquet 1010
amet 2086
ante 1074
aptent 134
arcu 681
at 1913
auctor 646
augue 1061
bibendum 561
blandit 679
commodo 798
condimentum 683
congue 813
consectetur 712
consequat 663
conubia 134
convallis 824
cubilia 84
cursus 617
dapibus 695
diam 877
dictum 863
dictumst 65
dignissim 748
dis 82
dolor 1025
dui 1214
efficitur 704
egestas 913
eget 1667
eleifend 764
elementum 613
elit 1116
enim 1009
erat 864
eros 1044
est 881
et 2668
eu 1945
euismod 748
ex 864
facilisi 131
facilisis 781
fames 299
faucibus 1065
felis 882
fermentum 766
feugiat 482
finibus 808
fringilla 699
gravida 765
habitant 183
habitasse 65
hac 65
hendrerit 694
himenaeos 134
iaculis 602
id 1593
imperdiet 716
in 1981
inceptos 134
interdum 663
ipsum 1231
justo 778
lacinia 534
lacus 891
laoreet 740
lectus 913
leo 816
libero 913
ligula 968
litora 134
lobortis 806
lorem 871
luctus 713
magna 828
magnis 82
malesuada 1059
massa 810
mattis 534
mauris 1088
maximus 732
metus 978
mi 1022
molestie 675
mollis 596
montes 82
morbi 183
mus 82
nascetur 82
natoque 82
nec 1660
neque 861
netus 183
nibh 1115
nisi 1126
nisl 888
non 1856
nostra 134
nulla 887
nunc 997
odio 808
orci 1027
ornare 678
parturient 82
pellentesque 848
penatibus 82
per 268
pharetra 861
placerat 631
platea 65
porta 629
porttitor 779
posuere 793
potenti 84
pretium 648
primis 200
pulvinar 496
purus 825
quam 1042
quis 1894
rhoncus 604
ridiculus 82
risus 1043
rutrum 639
sagittis 746
sapien 782
scelerisque 665
sed 1824
sem 1061
semper 548
senectus 183
sit 2086
sociis 82
sociosqu 134
sodales 530
sollicitudin 549
suscipit 664
taciti 134
tellus 1157
tempor 781
tempus 508
tincidunt 1167
torquent 134
tortor 845
tristique 863
turpis 1210
ullamcorper 631
ultrices 645
ultricies 744
urna 864
ut 1788
varius 665
vehicula 805
vel 1820
velit 894
venenatis 780
vestibulum 715
vitae 1923
viverra 634
volutpat 825
vulputate 815
