Cras 71100
Cum 8200
Curabitur 76700
Donec 116300
Duis 54400
Maecenas 45100
Mauris 60100
Morbi 53000
Nullam 64300
Phasellus 64600
Quisque 45800
Ut 51300
a 187600
ad 13400
aliquet 101000
at 191300
congue 81300
conubia 13400
cubilia 8400
cursus 61700
dictumst 6500
efficitur 70400
eget 166700
enim 100900
eros 104400
et 266800
ex 86400
feugiat 48200
hendrerit 69400
himenaeos 13400
id 159300
inceptos 13400
justo 77800
lacinia 53400
libero 91300
malesuada 105900
massa 81000
mauris 108800
morbi 18300
mus 8200
nascetur 8200
natoque 8200
nibh 111500
orci 102700
pulvinar 49600
scelerisque 66500
sem 106100
tellus 115700
ut 178800
vehicula 80500
venenatis 78000
vitae 192300
