 37261
Aenean 579
Etiam 600
Interdum 116
Nam 597
Nulla 828
Nunc 662
Proin 645
Sed 1486
Vestibulum 817
ac 1921
ante 1074
aptent 134
dapibus 695
dis 82
dolor 1025
egestas 913
eleifend 764
elementum 613
erat 864
est 881
facilisi 131
fames 299
finibus 808
fringilla 699
habitasse 65
hac 65
interdum 663
lacus 891
laoreet 740
lectus 913
leo 816
luctus 713
magna 828
maximus 732
mollis 596
nulla 887
nunc 997
placerat 631
primis 200
quam 1042
ridiculus 82
sagittis 746
sapien 782
sed 1824
semper 548
sit 2086
suscipit 664
ultricies 744
velit 894
vestibulum 715
