Aliquam 68100
Class 13400
Fusce 54200
Integer 60100
Praesent 66300
Suspendisse 74600
aliquam 66100
auctor 64600
bibendum 56100
blandit 67900
commodo 79800
dictum 86300
dui 121400
elit 111600
eu 194500
euismod 74800
faucibus 106500
gravida 76500
iaculis 60200
ipsum 123100
ligula 96800
lobortis 80600
mattis 53400
metus 97800
mi 102200
molestie 67500
montes 8200
nec 166000
neque 86100
nisl 88800
parturient 8200
porta 62900
pretium 64800
quis 189400
rhoncus 60400
risus 104300
senectus 18300
sociis 8200
sociosqu 13400
taciti 13400
tempus 50800
tincidunt 116700
torquent 13400
tortor 84500
tristique 86300
ullamcorper 63100
urna 86400
varius 66500
vulputate 81500
