Curae; 84
In 746
Lorem 152
Pellentesque 896
Vivamus 648
accumsan 791
adipiscing 152
amet 2086
arcu 681
augue 1061
condimentum 683
consectetur 712
consequat 663
convallis 824
diam 877
dignissim 748
facilisis 781
felis 882
fermentum 766
habitant 183
imperdiet 716
in 1981
litora 134
lorem 871
magnis 82
netus 183
nisi 1126
non 1856
nostra 134
odio 808
ornare 678
pellentesque 848
penatibus 82
per 268
pharetra 861
platea 65
porttitor 779
posuere 793
potenti 84
purus 825
rutrum 639
sodales 530
sollicitudin 549
tempor 781
turpis 1210
ultrices 645
vel 1820
viverra 634
volutpat 825
