Cras 4266
Cum 492
Curabitur 4602
Donec 6978
Duis 3264
Maecenas 2706
Mauris 3606
Morbi 3180
Nullam 3858
Phasellus 3876
Quisque 2748
Ut 3078
a 11256
ad 804
aliquet 6060
at 11478
congue 4878
conubia 804
cubilia 504
cursus 3702
dictumst 390
efficitur 4224
eget 10002
enim 6054
eros 6264
et 16008
ex 5184
feugiat 2892
hendrerit 4164
himenaeos 804
id 9558
inceptos 804
justo 4668
lacinia 3204
libero 5478
malesuada 6354
massa 4860
mauris 6528
morbi 1098
mus 492
nascetur 492
natoque 492
nibh 6690
orci 6162
pulvinar 2976
scelerisque 3990
sem 6366
tellus 6942
ut 10728
vehicula 4830
venenatis 4680
vitae 11538
