 3726100
Aenean 57900
Etiam 60000
Interdum 11600
Nam 59700
Nulla 82800
Nunc 66200
Proin 64500
Sed 148600
Vestibulum 81700
ac 192100
ante 107400
aptent 13400
dapibus 69500
dis 8200
dolor 102500
egestas 91300
eleifend 76400
elementum 61300
erat 86400
est 88100
facilisi 13100
fames 29900
finibus 80800
fringilla 69900
habitasse 6500
hac 6500
interdum 66300
lacus 89100
laoreet 74000
lectus 91300
leo 81600
luctus 71300
magna 82800
maximus 73200
mollis 59600
nulla 88700
nunc 99700
placerat 63100
primis 20000
quam 104200
ridiculus 8200
sagittis 74600
sapien 78200
sed 182400
semper 54800
sit 208600
suscipit 66400
ultricies 74400
velit 89400
vestibulum 71500
