 223566
Aenean 3474
Etiam 3600
Interdum 696
Nam 3582
Nulla 4968
Nunc 3972
Proin 3870
Sed 8916
Vestibulum 4902
ac 11526
ante 6444
aptent 804
dapibus 4170
dis 492
dolor 6150
egestas 5478
eleifend 4584
elementum 3678
erat 5184
est 5286
facilisi 786
fames 1794
finibus 4848
fringilla 4194
habitasse 390
hac 390
interdum 3978
lacus 5346
laoreet 4440
lectus 5478
leo 4896
luctus 4278
magna 4968
maximus 4392
mollis 3576
nulla 5322
nunc 5982
placerat 3786
primis 1200
quam 6252
ridiculus 492
sagittis 4476
sapien 4692
sed 10944
semper 3288
sit 12516
suscipit 3984
ultricies 4464
velit 5364
vestibulum 4290
