Aliquam 4086
Class 804
Fusce 3252
Integer 3606
Praesent 3978
Suspendisse 4476
aliquam 3966
auctor 3876
bibendum 3366
blandit 4074
commodo 4788
dictum 5178
dui 7284
elit 6696
eu 11670
euismod 4488
faucibus 6390
gravida 4590
iaculis 3612
ipsum 7386
ligula 5808
lobortis 4836
mattis 3204
metus 5868
mi 6132
molestie 4050
montes 492
nec 9960
neque 5166
nisl 5328
parturient 492
porta 3774
pretium 3888
quis 11364
rhoncus 3624
risus 6258
senectus 1098
sociis 492
sociosqu 804
taciti 804
tempus 3048
tincidunt 7002
torquent 804
tortor 5070
tristique 5178
ullamcorper 3786
urna 5184
varius 3990
vulputate 4890
