Aliquam 681
Class 134
Fusce 542
Integer 601
Praesent 663
Suspendisse 746
aliquam 661
auctor 646
bibendum 561
blandit 679
commodo 798
dictum 863
dui 1214
elit 1116
eu 1945
euismod 748
faucibus 1065
gravida 765
iaculis 602
ipsum 1231
ligula 968
lobortis 806
mattis 534
metus 978
mi 1022
molestie 675
montes 82
nec 1660
neque 861
nisl 888
parturient 82
porta 629
pretium 648
quis 1894
rhoncus 604
risus 1043
senectus 183
sociis 82
sociosqu 134
taciti 134
tempus 508
tincidunt 1167
torquent 134
tortor 845
tristique 863
ullamcorper 631
urna 864
varius 665
vulputate 815
