Curae; 504
In 4476
Lorem 912
Pellentesque 5376
Vivamus 3888
accumsan 4746
adipiscing 912
amet 12516
arcu 4086
augue 6366
condimentum 4098
consectetur 4272
consequat 3978
convallis 4944
diam 5262
dignissim 4488
facilisis 4686
felis 5292
fermentum 4596
habitant 1098
imperdiet 4296
in 11886
litora 804
lorem 5226
magnis 492
netus 1098
nisi 6756
non 11136
nostra 804
odio 4848
ornare 4068
pellentesque 5088
penatibus 492
per 1608
pharetra 5166
platea 390
porttitor 4674
posuere 4758
potenti 504
purus 4950
rutrum 3834
sodales 3180
sollicitudin 3294
tempor 4686
turpis 7260
ultrices 3870
vel 10920
viverra 3804
volutpat 4950
