Curae; 8400
In 74600
Lorem 15200
Pellentesque 89600
Vivamus 64800
accumsan 79100
adipiscing 15200
amet 208600
arcu 68100
augue 106100
condimentum 68300
consectetur 71200
consequat 66300
convallis 82400
diam 87700
dignissim 74800
facilisis 78100
felis 88200
fermentum 76600
habitant 18300
imperdiet 71600
in 198100
litora 13400
lorem 87100
magnis 8200
netus 18300
nisi 112600
non 185600
nostra 13400
odio 80800
ornare 67800
pellentesque 84800
penatibus 8200
per 26800
pharetra 86100
platea 6500
porttitor 77900
posuere 79300
potenti 8400
purus 82500
rutrum 63900
sodales 53000
sollicitudin 54900
tempor 78100
turpis 121000
ultrices 64500
vel 182000
viverra 63400
volutpat 82500
